\BOOKMARK [0][-]{chapter.1}{Introduction}{}% 1
\BOOKMARK [1][-]{subsection.1.0.1}{Science with increasing resolution}{chapter.1}% 2
\BOOKMARK [2][-]{subsection.1.0.2}{Very Long Baseline Interferometry}{subsection.1.0.1}% 3
\BOOKMARK [2][-]{subsection.1.0.3}{The Event Horizon Telescope \(EHT\)}{subsection.1.0.1}% 4
\BOOKMARK [2][-]{subsection.1.0.4}{Scientific opportunities with the EHT}{subsection.1.0.1}% 5
\BOOKMARK [2][-]{subsection.1.0.5}{Challenges and obstacles in mm-VLBI observations}{subsection.1.0.1}% 6
\BOOKMARK [2][-]{subsection.1.0.6}{Science extraction : parameter estimation and imaging}{subsection.1.0.1}% 7
\BOOKMARK [2][-]{subsection.1.0.7}{A realistic mm-VLBI simulator}{subsection.1.0.1}% 8
\BOOKMARK [0][-]{chapter.2}{Theoretical background}{}% 9
\BOOKMARK [1][-]{subsection.2.0.8}{Radio Interferometry}{chapter.2}% 10
\BOOKMARK [1][-]{section.2.1}{Signal Corruptions}{chapter.2}% 11
\BOOKMARK [2][-]{subsection.2.1.1}{Scattering basics}{section.2.1}% 12
\BOOKMARK [1][-]{section.2.2}{Interstellar medium scattering}{chapter.2}% 13
\BOOKMARK [1][-]{section.2.3}{Troposphere}{chapter.2}% 14
\BOOKMARK [2][-]{subsection.2.3.1}{Propagation through a linear medium}{section.2.3}% 15
\BOOKMARK [2][-]{subsection.2.3.2}{Average atmosphere}{section.2.3}% 16
\BOOKMARK [2][-]{subsection.2.3.3}{Turbulent atmosphere}{section.2.3}% 17
\BOOKMARK [2][-]{subsection.2.3.4}{Instrumental}{section.2.3}% 18
\BOOKMARK [0][-]{chapter.3}{Software architecture and implementation}{}% 19
\BOOKMARK [1][-]{section.3.1}{Simulator}{chapter.3}% 20
\BOOKMARK [2][-]{subsection.3.1.1}{ScatterBrane}{section.3.1}% 21
\BOOKMARK [2][-]{subsection.3.1.2}{Atmospheric}{section.3.1}% 22
\BOOKMARK [2][-]{subsection.3.1.3}{Pointing}{section.3.1}% 23
\BOOKMARK [2][-]{subsection.3.1.4}{RODRIGUES interface}{section.3.1}% 24
\BOOKMARK [1][-]{section.3.2}{Parameter estimation}{chapter.3}% 25
\BOOKMARK [0][-]{chapter.4}{Results and analysis}{}% 26
\BOOKMARK [1][-]{subsection.4.0.1}{Canonical simulations}{chapter.4}% 27
\BOOKMARK [2][-]{subsection.4.0.2}{Parameter estimation}{subsection.4.0.1}% 28
\BOOKMARK [0][-]{chapter.5}{Conclusion}{}% 29
\BOOKMARK [0][-]{chapter.5}{Bibliography}{}% 30
