\BOOKMARK [0][-]{chapter.1}{Introduction}{}% 1
\BOOKMARK [1][-]{subsection.1.0.1}{Very Long Baseline Interferometry}{chapter.1}% 2
\BOOKMARK [2][-]{subsection.1.0.2}{The Event Horizon Telescope \(EHT\)}{subsection.1.0.1}% 3
\BOOKMARK [2][-]{subsection.1.0.3}{Scientific opportunities with the EHT}{subsection.1.0.1}% 4
\BOOKMARK [2][-]{subsection.1.0.4}{Challenges and obstacles in mm-VLBI observations}{subsection.1.0.1}% 5
\BOOKMARK [2][-]{subsection.1.0.5}{Science extraction : parameter estimation and imaging}{subsection.1.0.1}% 6
\BOOKMARK [2][-]{subsection.1.0.6}{A realistic mm-VLBI simulator}{subsection.1.0.1}% 7
\BOOKMARK [0][-]{chapter.2}{Theoretical background}{}% 8
\BOOKMARK [1][-]{subsection.2.0.7}{Radio Interferometry}{chapter.2}% 9
\BOOKMARK [2][-]{subsection.2.0.8}{Scattering basics}{subsection.2.0.7}% 10
\BOOKMARK [1][-]{section.2.1}{ISM scattering}{chapter.2}% 11
\BOOKMARK [1][-]{section.2.2}{Troposphere}{chapter.2}% 12
\BOOKMARK [2][-]{subsection.2.2.1}{Wave propagation through a linear medium}{section.2.2}% 13
\BOOKMARK [2][-]{subsection.2.2.2}{Propagation through earth atmosphere}{section.2.2}% 14
\BOOKMARK [2][-]{subsection.2.2.3}{Atmospheric Transmission at Microwaves}{section.2.2}% 15
\BOOKMARK [2][-]{subsection.2.2.4}{Kolmogorov turbulence}{section.2.2}% 16
\BOOKMARK [2][-]{subsection.2.2.5}{Instrumental}{section.2.2}% 17
\BOOKMARK [0][-]{chapter.3}{Implementation}{}% 18
\BOOKMARK [1][-]{section.3.1}{Simulation}{chapter.3}% 19
\BOOKMARK [2][-]{subsection.3.1.1}{ScatterBrane}{section.3.1}% 20
\BOOKMARK [2][-]{subsection.3.1.2}{Atmospheric}{section.3.1}% 21
\BOOKMARK [2][-]{subsection.3.1.3}{Pointing}{section.3.1}% 22
\BOOKMARK [2][-]{subsection.3.1.4}{RODRIGUES interface}{section.3.1}% 23
\BOOKMARK [1][-]{section.3.2}{Parameter estimation}{chapter.3}% 24
\BOOKMARK [0][-]{chapter.4}{Results and analysis}{}% 25
\BOOKMARK [1][-]{subsection.4.0.1}{Canonical simulations}{chapter.4}% 26
\BOOKMARK [2][-]{subsection.4.0.2}{Parameter estimation}{subsection.4.0.1}% 27
\BOOKMARK [0][-]{chapter.5}{Conclusion}{}% 28
\BOOKMARK [0][-]{chapter.5}{Bibliography}{}% 29
