\BOOKMARK [0][-]{chapter*.1}{Abstract}{}% 1
\BOOKMARK [0][-]{chapter*.2}{Acknowledgements}{}% 2
\BOOKMARK [0][-]{chapter*.3}{Plagiarism}{}% 3
\BOOKMARK [0][-]{chapter.1}{Introduction}{}% 4
\BOOKMARK [1][-]{section.1.1}{Unsolved questions in black hole astrophysics}{chapter.1}% 5
\BOOKMARK [2][-]{subsection.1.1.1}{Innermost accretion and jet launch mechanisms}{section.1.1}% 6
\BOOKMARK [2][-]{subsection.1.1.2}{Measuring space-time in strong gravity}{section.1.1}% 7
\BOOKMARK [1][-]{section.1.2}{Cranking up the angular resolution}{chapter.1}% 8
\BOOKMARK [1][-]{section.1.3}{The Event Horizon Telescope}{chapter.1}% 9
\BOOKMARK [2][-]{subsection.1.3.1}{Overview}{section.1.3}% 10
\BOOKMARK [1][-]{section.1.4}{A realistic mm-VLBI simulator}{chapter.1}% 11
\BOOKMARK [1][-]{section.1.5}{Outline}{chapter.1}% 12
\BOOKMARK [0][-]{chapter.2}{Theory}{}% 13
\BOOKMARK [1][-]{section.2.1}{Radio Interferometry}{chapter.2}% 14
\BOOKMARK [2][-]{subsection.2.1.1}{Measurement Equation}{section.2.1}% 15
\BOOKMARK [2][-]{subsection.2.1.2}{Self-calibration and fringe-fitting}{section.2.1}% 16
\BOOKMARK [2][-]{subsection.2.1.3}{mm-VLBI observables and data products}{section.2.1}% 17
\BOOKMARK [2][-]{subsection.2.1.4}{Variability and the static source assumption}{section.2.1}% 18
\BOOKMARK [1][-]{section.2.2}{Signal Corruptions}{chapter.2}% 19
\BOOKMARK [2][-]{subsection.2.2.1}{Scattering basics}{section.2.2}% 20
\BOOKMARK [2][-]{subsection.2.2.2}{Interstellar medium scattering}{section.2.2}% 21
\BOOKMARK [2][-]{subsection.2.2.3}{Troposphere}{section.2.2}% 22
\BOOKMARK [2][-]{subsection.2.2.4}{Instrumental}{section.2.2}% 23
\BOOKMARK [0][-]{chapter.3}{Software implementation}{}% 24
\BOOKMARK [1][-]{section.3.1}{Design objectives}{chapter.3}% 25
\BOOKMARK [1][-]{section.3.2}{Architechure and Workflow}{chapter.3}% 26
\BOOKMARK [2][-]{subsection.3.2.1}{ISM scattering}{section.3.2}% 27
\BOOKMARK [2][-]{subsection.3.2.2}{Atmospheric corruption simulator}{section.3.2}% 28
\BOOKMARK [2][-]{subsection.3.2.3}{Pointing error simulator}{section.3.2}% 29
\BOOKMARK [1][-]{section.3.3}{RODRIGUES interface}{chapter.3}% 30
\BOOKMARK [0][-]{chapter.4}{Results and analysis}{}% 31
\BOOKMARK [1][-]{section.4.1}{Canonical simulations}{chapter.4}% 32
\BOOKMARK [2][-]{subsection.4.1.1}{ISM}{section.4.1}% 33
\BOOKMARK [2][-]{subsection.4.1.2}{Atmospheric}{section.4.1}% 34
\BOOKMARK [2][-]{subsection.4.1.3}{Pointing}{section.4.1}% 35
\BOOKMARK [1][-]{section.4.2}{Calibration and imaging of a time variable source in the presence of the troposphere}{chapter.4}% 36
\BOOKMARK [0][-]{chapter.5}{Conclusion and future work}{}% 37
\BOOKMARK [0][-]{chapter*.14}{Bibliography}{}% 38
